<?xml version="1.0" encoding="UTF-8"?>
<TestRun id="d3aacee4-7816-45d1-b94f-387a8b356b64" name="jnb-jonathant@JNB-JONATHANT 2013-04-24 08:38:38" runUser="EXPD\jnb-jonathant" xmlns="http://microsoft.com/schemas/VisualStudio/TeamTest/2010">
  <TestSettings name="Trace and Test Impact" id="835d18f1-7d41-4f74-88b9-e6c3cabaf477">
    <Description>These are test settings for Trace and Test Impact.</Description>
    <Execution>
      <TestTypeSpecific />
      <AgentRule name="Execution Agents">
      </AgentRule>
    </Execution>
    <Deployment runDeploymentRoot="jnb-jonathant_JNB-JONATHANT 2013-04-24 08_38_38" />
  </TestSettings>
  <Times creation="2013-04-24T08:38:38.2737380+02:00" queuing="2013-04-24T08:38:38.3727380+02:00" start="2013-04-24T08:38:38.3797380+02:00" finish="2013-04-24T08:38:38.5827380+02:00" />
  <ResultSummary outcome="Completed">
    <Counters total="1" executed="1" passed="1" error="0" failed="0" timeout="0" aborted="0" inconclusive="0" passedButRunAborted="0" notRunnable="0" notExecuted="0" disconnected="0" warning="0" completed="0" inProgress="0" pending="0" />
  </ResultSummary>
  <TestDefinitions>
    <UnitTest name="WorldWithThreeCellsTicksToLeaveOnlyOneCell" storage="c:\users\jnb-jonathant\documents\visual studio 2010\projects\gameoflife\gameoflife\bin\debug\gameoflife.dll" id="ec7edc2a-7143-5547-71a9-3e0874593826">
      <Execution id="36e61425-f93d-4844-a136-203e4fa0b331" />
      <TestMethod codeBase="C:/Users/jnb-jonathant/Documents/Visual Studio 2010/Projects/GameOfLife/GameOfLife/bin/Debug/GameOfLife.DLL" adapterTypeName="Microsoft.VisualStudio.TestTools.TestTypes.Unit.UnitTestAdapter, Microsoft.VisualStudio.QualityTools.Tips.UnitTest.Adapter, Version=10.0.0.0, Culture=neutral, PublicKeyToken=b03f5f7f11d50a3a" className="GameOfLife.WorldTester, GameOfLife, Version=1.0.0.0, Culture=neutral, PublicKeyToken=null" name="WorldWithThreeCellsTicksToLeaveOnlyOneCell" />
    </UnitTest>
  </TestDefinitions>
  <TestLists>
    <TestList name="Results Not in a List" id="8c84fa94-04c1-424b-9868-57a2d4851a1d" />
    <TestList name="All Loaded Results" id="19431567-8539-422a-85d7-44ee4e166bda" />
  </TestLists>
  <TestEntries>
    <TestEntry testId="ec7edc2a-7143-5547-71a9-3e0874593826" executionId="36e61425-f93d-4844-a136-203e4fa0b331" testListId="8c84fa94-04c1-424b-9868-57a2d4851a1d" />
  </TestEntries>
  <Results>
    <UnitTestResult executionId="36e61425-f93d-4844-a136-203e4fa0b331" testId="ec7edc2a-7143-5547-71a9-3e0874593826" testName="WorldWithThreeCellsTicksToLeaveOnlyOneCell" computerName="JNB-JONATHANT" duration="00:00:00.0200988" startTime="2013-04-24T08:38:38.3917380+02:00" endTime="2013-04-24T08:38:38.5697380+02:00" testType="13cdc9d9-ddb5-4fa4-a97d-d965ccfc6d4b" outcome="Passed" testListId="8c84fa94-04c1-424b-9868-57a2d4851a1d" relativeResultsDirectory="36e61425-f93d-4844-a136-203e4fa0b331">
    </UnitTestResult>
  </Results>
</TestRun>