<?xml version="1.0" encoding="UTF-8"?>
<TestRun id="7025b5c8-96ef-4580-a938-f7c15b1b6bcd" name="jnb-jonathant@JNB-JONATHANT 2013-04-23 08:41:32" runUser="EXPD\jnb-jonathant" xmlns="http://microsoft.com/schemas/VisualStudio/TeamTest/2010">
  <TestSettings name="Trace and Test Impact" id="835d18f1-7d41-4f74-88b9-e6c3cabaf477">
    <Description>These are test settings for Trace and Test Impact.</Description>
    <Execution>
      <TestTypeSpecific />
      <AgentRule name="Execution Agents">
      </AgentRule>
    </Execution>
    <Deployment runDeploymentRoot="jnb-jonathant_JNB-JONATHANT 2013-04-23 08_41_32" />
  </TestSettings>
  <Times creation="2013-04-23T08:41:32.8049775+02:00" queuing="2013-04-23T08:41:32.8669775+02:00" start="2013-04-23T08:41:32.8719775+02:00" finish="2013-04-23T08:41:33.0699775+02:00" />
  <ResultSummary outcome="Failed">
    <Counters total="1" executed="1" error="0" failed="1" timeout="0" aborted="0" inconclusive="0" passedButRunAborted="0" notRunnable="0" notExecuted="0" disconnected="0" warning="0" passed="0" completed="0" inProgress="0" pending="0" />
  </ResultSummary>
  <TestDefinitions>
    <UnitTest name="TwoCellsAreNotEqual" storage="c:\users\jnb-jonathant\documents\visual studio 2010\projects\gameoflife\gameoflife\bin\debug\gameoflife.dll" id="2aff3a45-778a-b3ec-0d96-418f31eaa812">
      <Execution id="81f152ed-98fa-42a0-bdc6-d36b362c06b4" />
      <TestMethod codeBase="C:/Users/jnb-jonathant/Documents/Visual Studio 2010/Projects/GameOfLife/GameOfLife/bin/Debug/GameOfLife.DLL" adapterTypeName="Microsoft.VisualStudio.TestTools.TestTypes.Unit.UnitTestAdapter, Microsoft.VisualStudio.QualityTools.Tips.UnitTest.Adapter, Version=10.0.0.0, Culture=neutral, PublicKeyToken=b03f5f7f11d50a3a" className="GameOfLife.CellTester, GameOfLife, Version=1.0.0.0, Culture=neutral, PublicKeyToken=null" name="TwoCellsAreNotEqual" />
    </UnitTest>
  </TestDefinitions>
  <TestLists>
    <TestList name="Results Not in a List" id="8c84fa94-04c1-424b-9868-57a2d4851a1d" />
    <TestList name="All Loaded Results" id="19431567-8539-422a-85d7-44ee4e166bda" />
  </TestLists>
  <TestEntries>
    <TestEntry testId="2aff3a45-778a-b3ec-0d96-418f31eaa812" executionId="81f152ed-98fa-42a0-bdc6-d36b362c06b4" testListId="8c84fa94-04c1-424b-9868-57a2d4851a1d" />
  </TestEntries>
  <Results>
    <UnitTestResult executionId="81f152ed-98fa-42a0-bdc6-d36b362c06b4" testId="2aff3a45-778a-b3ec-0d96-418f31eaa812" testName="TwoCellsAreNotEqual" computerName="JNB-JONATHANT" duration="00:00:00.0237652" startTime="2013-04-23T08:41:32.8739775+02:00" endTime="2013-04-23T08:41:33.0559775+02:00" testType="13cdc9d9-ddb5-4fa4-a97d-d965ccfc6d4b" outcome="Failed" testListId="8c84fa94-04c1-424b-9868-57a2d4851a1d" relativeResultsDirectory="81f152ed-98fa-42a0-bdc6-d36b362c06b4">
      <Output>
        <ErrorInfo>
          <Message>Assert.IsTrue failed. </Message>
          <StackTrace>   at GameOfLife.CellTester.TwoCellsAreNotEqual() in C:\Users\jnb-jonathant\Documents\Visual Studio 2010\Projects\GameOfLife\GameOfLife\UnitTest1.cs:line 176
</StackTrace>
        </ErrorInfo>
      </Output>
    </UnitTestResult>
  </Results>
</TestRun>