<?xml version="1.0" encoding="UTF-8"?>
<TestRun id="371d3f8a-043e-4828-af10-587dc5f27aed" name="jnb-jonathant@JNB-JONATHANT 2013-04-23 08:43:04" runUser="EXPD\jnb-jonathant" xmlns="http://microsoft.com/schemas/VisualStudio/TeamTest/2010">
  <TestSettings name="Trace and Test Impact" id="835d18f1-7d41-4f74-88b9-e6c3cabaf477">
    <Description>These are test settings for Trace and Test Impact.</Description>
    <Execution>
      <TestTypeSpecific />
      <AgentRule name="Execution Agents">
      </AgentRule>
    </Execution>
    <Deployment runDeploymentRoot="jnb-jonathant_JNB-JONATHANT 2013-04-23 08_43_04" />
  </TestSettings>
  <Times creation="2013-04-23T08:43:04.4629775+02:00" queuing="2013-04-23T08:43:04.5249775+02:00" start="2013-04-23T08:43:04.5289775+02:00" finish="2013-04-23T08:43:04.7159775+02:00" />
  <ResultSummary outcome="Failed">
    <Counters total="1" executed="1" error="0" failed="1" timeout="0" aborted="0" inconclusive="0" passedButRunAborted="0" notRunnable="0" notExecuted="0" disconnected="0" warning="0" passed="0" completed="0" inProgress="0" pending="0" />
  </ResultSummary>
  <TestDefinitions>
    <UnitTest name="TwoCellsAreNotEqualsUsingEquals" storage="c:\users\jnb-jonathant\documents\visual studio 2010\projects\gameoflife\gameoflife\bin\debug\gameoflife.dll" id="cc87cf23-e772-6dba-e588-1b533588d3a8">
      <Execution id="a33a4bc0-d861-4ee9-80b1-0f76ff93511c" />
      <TestMethod codeBase="C:/Users/jnb-jonathant/Documents/Visual Studio 2010/Projects/GameOfLife/GameOfLife/bin/Debug/GameOfLife.DLL" adapterTypeName="Microsoft.VisualStudio.TestTools.TestTypes.Unit.UnitTestAdapter, Microsoft.VisualStudio.QualityTools.Tips.UnitTest.Adapter, Version=10.0.0.0, Culture=neutral, PublicKeyToken=b03f5f7f11d50a3a" className="GameOfLife.CellTester, GameOfLife, Version=1.0.0.0, Culture=neutral, PublicKeyToken=null" name="TwoCellsAreNotEqualsUsingEquals" />
    </UnitTest>
  </TestDefinitions>
  <TestLists>
    <TestList name="Results Not in a List" id="8c84fa94-04c1-424b-9868-57a2d4851a1d" />
    <TestList name="All Loaded Results" id="19431567-8539-422a-85d7-44ee4e166bda" />
  </TestLists>
  <TestEntries>
    <TestEntry testId="cc87cf23-e772-6dba-e588-1b533588d3a8" executionId="a33a4bc0-d861-4ee9-80b1-0f76ff93511c" testListId="8c84fa94-04c1-424b-9868-57a2d4851a1d" />
  </TestEntries>
  <Results>
    <UnitTestResult executionId="a33a4bc0-d861-4ee9-80b1-0f76ff93511c" testId="cc87cf23-e772-6dba-e588-1b533588d3a8" testName="TwoCellsAreNotEqualsUsingEquals" computerName="JNB-JONATHANT" duration="00:00:00.0220775" startTime="2013-04-23T08:43:04.5329775+02:00" endTime="2013-04-23T08:43:04.6999775+02:00" testType="13cdc9d9-ddb5-4fa4-a97d-d965ccfc6d4b" outcome="Failed" testListId="8c84fa94-04c1-424b-9868-57a2d4851a1d" relativeResultsDirectory="a33a4bc0-d861-4ee9-80b1-0f76ff93511c">
      <Output>
        <ErrorInfo>
          <Message>Assert.IsTrue failed. </Message>
          <StackTrace>   at GameOfLife.CellTester.TwoCellsAreNotEqualsUsingEquals() in C:\Users\jnb-jonathant\Documents\Visual Studio 2010\Projects\GameOfLife\GameOfLife\UnitTest1.cs:line 183
</StackTrace>
        </ErrorInfo>
      </Output>
    </UnitTestResult>
  </Results>
</TestRun>